2022-04-18 21:54:52.073785: wfastcgi.py will restart when files in F:\Myweb\rdie\ are changed: .*((\.py)|(\.config))$
2022-04-18 21:54:52.075779: wfastcgi.py 3.0.0 initialized
2022-04-18 21:55:02.695075: wfastcgi.py will restart when files in F:\Myweb\rdie\ are changed: .*((\.py)|(\.config))$
2022-04-18 21:55:02.696072: wfastcgi.py 3.0.0 initialized
2022-04-18 21:55:02.862681: wfastcgi.py will restart when files in F:\Myweb\rdie\ are changed: .*((\.py)|(\.config))$
2022-04-18 21:55:02.863679: wfastcgi.py 3.0.0 initialized
2022-04-18 21:58:24.902807: wfastcgi.py exiting because static\web.config has changed, matching .*((\.py)|(\.config))$
2022-04-18 21:58:24.902807: wfastcgi.py exiting because static\web.config has changed, matching .*((\.py)|(\.config))$
2022-04-18 21:58:24.904984: Running on_exit tasks
2022-04-18 21:58:24.904984: Running on_exit tasks
2022-04-18 21:58:24.936227: wfastcgi.py exiting because static\web.config has changed, matching .*((\.py)|(\.config))$
2022-04-18 21:58:24.951848: Running on_exit tasks
2022-04-18 21:58:39.650387: wfastcgi.py will restart when files in F:\Myweb\rdie\ are changed: .*((\.py)|(\.config))$
2022-04-18 21:58:39.651385: wfastcgi.py 3.0.0 initialized
2022-04-18 21:58:41.019398: wfastcgi.py will restart when files in F:\Myweb\rdie\ are changed: .*((\.py)|(\.config))$
2022-04-18 21:58:41.020395: wfastcgi.py 3.0.0 initialized
2022-04-18 21:58:41.033361: wfastcgi.py will restart when files in F:\Myweb\rdie\ are changed: .*((\.py)|(\.config))$
2022-04-18 21:58:41.034358: wfastcgi.py 3.0.0 initialized
2022-04-18 22:02:57.094347: wfastcgi.py exiting because rdie\settings.py has changed, matching .*((\.py)|(\.config))$
2022-04-18 22:02:57.094347: wfastcgi.py exiting because rdie\settings.py has changed, matching .*((\.py)|(\.config))$
2022-04-18 22:02:57.095345: Running on_exit tasks
2022-04-18 22:02:57.095345: Running on_exit tasks
2022-04-18 22:02:57.096342: Running on_exit tasks
2022-04-18 22:03:01.504078: wfastcgi.py will restart when files in F:\Myweb\rdie\ are changed: .*((\.py)|(\.config))$
2022-04-18 22:03:01.506072: wfastcgi.py 3.0.0 initialized
2022-04-18 22:04:13.399394: wfastcgi.py will restart when files in F:\Myweb\rdie\ are changed: .*((\.py)|(\.config))$
2022-04-18 22:04:13.400391: wfastcgi.py 3.0.0 initialized
2022-04-18 22:04:13.413357: wfastcgi.py will restart when files in F:\Myweb\rdie\ are changed: .*((\.py)|(\.config))$
2022-04-18 22:04:13.414355: wfastcgi.py 3.0.0 initialized
2022-04-18 22:14:06.868460: Unhandled exception in wfastcgi.py: Traceback (most recent call last):
  File "F:\Myweb\rdie\wfastcgi.py", line 774, in main
    record = read_fastcgi_record(fcgi_stream)
  File "F:\Myweb\rdie\wfastcgi.py", line 158, in read_fastcgi_record
    data = stream.read(8)     # read record
OSError: [Errno 22] Invalid argument
2022-04-18 22:14:06.869457: Running on_exit tasks
2022-04-18 22:14:06.870456: wfastcgi.py 3.0.0 closed
2022-04-18 22:23:20.912230: wfastcgi.py will restart when files in F:\Myweb\rdie\ are changed: .*((\.py)|(\.config))$
2022-04-18 22:23:20.912230: wfastcgi.py 3.0.0 initialized
2022-04-18 22:23:22.342002: wfastcgi.py will restart when files in F:\Myweb\rdie\ are changed: .*((\.py)|(\.config))$
2022-04-18 22:23:22.343997: wfastcgi.py 3.0.0 initialized
2022-04-18 22:23:22.348986: wfastcgi.py will restart when files in F:\Myweb\rdie\ are changed: .*((\.py)|(\.config))$
2022-04-18 22:23:22.348986: wfastcgi.py 3.0.0 initialized
2022-04-18 22:25:54.608477: wfastcgi.py exiting because rdie\settings.py has changed, matching .*((\.py)|(\.config))$
2022-04-18 22:25:54.608477: wfastcgi.py exiting because rdie\settings.py has changed, matching .*((\.py)|(\.config))$
2022-04-18 22:25:54.608477: Running on_exit tasks
ause rdie\settings.py has changed, matching .*((\.py)|(\.config))$
2022-04-18 22:25:54.608477: Running on_exit tasks
2022-04-18 22:26:59.632519: wfastcgi.py will restart when files in F:\Myweb\rdie\ are changed: .*((\.py)|(\.config))$
2022-04-18 22:26:59.632519: wfastcgi.py 3.0.0 initialized
2022-04-18 22:27:02.389388: wfastcgi.py will restart when files in F:\Myweb\rdie\ are changed: .*((\.py)|(\.config))$
2022-04-18 22:27:02.389388: wfastcgi.py 3.0.0 initialized
2022-04-18 22:27:02.389388: wfastcgi.py will restart when files in F:\Myweb\rdie\ are changed: .*((\.py)|(\.config))$
2022-04-18 22:27:02.389388: wfastcgi.py 3.0.0 initialized
